[debug] [2017-12-15T21:54:34.584Z] ----------------------------------------------------------------------
[debug] [2017-12-15T21:54:34.587Z] Command:       /usr/local/bin/node /usr/local/bin/firebase serve
[debug] [2017-12-15T21:54:34.587Z] CLI Version:   3.16.0
[debug] [2017-12-15T21:54:34.587Z] Platform:      darwin
[debug] [2017-12-15T21:54:34.587Z] Node Version:  v8.9.3
[debug] [2017-12-15T21:54:34.588Z] Time:          Sat Dec 16 2017 07:54:34 GMT+1000 (AEST)
[debug] [2017-12-15T21:54:34.588Z] ----------------------------------------------------------------------
[debug] 
[debug] [2017-12-15T21:54:34.683Z] > command requires scopes: ["email","openid","https://www.googleapis.com/auth/cloudplatformprojects.readonly","https://www.googleapis.com/auth/firebase","https://www.googleapis.com/auth/cloud-platform"]
[debug] [2017-12-15T21:54:34.683Z] > authorizing via signed-in user
[debug] [2017-12-15T21:54:34.686Z] > refreshing access token with scopes: ["email","https://www.googleapis.com/auth/cloud-platform","https://www.googleapis.com/auth/cloudplatformprojects.readonly","https://www.googleapis.com/auth/firebase","openid"]
[debug] [2017-12-15T21:54:34.686Z] >>> HTTP REQUEST POST https://www.googleapis.com/oauth2/v3/token  
 { refresh_token: '1/_k4BCmGCX31KsKXHngdVLPfT-ISLgSlXfNMbhX0KpIE',
  client_id: '563584335869-fgrhgmd47bqnekij5i8b5pr03ho849e6.apps.googleusercontent.com',
  client_secret: 'j9iVZfS8kkCEFUPaAeJV0sAi',
  grant_type: 'refresh_token',
  scope: 'email https://www.googleapis.com/auth/cloud-platform https://www.googleapis.com/auth/cloudplatformprojects.readonly https://www.googleapis.com/auth/firebase openid' } 
 Sat Dec 16 2017 07:54:34 GMT+1000 (AEST)
[debug] [2017-12-15T21:54:35.275Z] <<< HTTP RESPONSE 200
[debug] [2017-12-15T21:54:35.288Z] >>> HTTP REQUEST GET https://admin.firebase.com/v1/projects/friendlyeats-web-78ce9  
  
 Sat Dec 16 2017 07:54:35 GMT+1000 (AEST)
[debug] [2017-12-15T21:54:36.388Z] <<< HTTP RESPONSE 200
[debug] [2017-12-15T21:54:36.389Z] >>> HTTP REQUEST GET https://admin.firebase.com/v1/database/friendlyeats-web-78ce9/tokens  
  
 Sat Dec 16 2017 07:54:36 GMT+1000 (AEST)
[debug] [2017-12-15T21:54:37.469Z] <<< HTTP RESPONSE 200
[info] 
[info] === Serving from '/Users/robwelan/tutorials/friendlyeats-web'...
[info] 
[debug] [2017-12-15T21:54:37.474Z] >>> HTTP REQUEST GET https://cloudresourcemanager.googleapis.com/v1/projects/friendlyeats-web-78ce9  
  
 Sat Dec 16 2017 07:54:37 GMT+1000 (AEST)
[debug] [2017-12-15T21:54:38.923Z] <<< HTTP RESPONSE 200
[debug] [2017-12-15T21:54:38.926Z] >>> HTTP REQUEST GET https://mobilesdk-pa.googleapis.com/v1/projects/242851207081/clients/_:getWebAppConfig  
  
 Sat Dec 16 2017 07:54:38 GMT+1000 (AEST)
[debug] [2017-12-15T21:54:41.109Z] <<< HTTP RESPONSE 200
[info] i  hosting: Serving hosting files from: ./
[info] ✔  hosting: Local server: http://localhost:5000

